<?xml version="1.0" encoding="UTF-8"?>
<testng-results ignored="0" total="1" passed="1" failed="0" skipped="0">
  <reporter-output>
  </reporter-output>
  <suite started-at="2026-05-06T13:29:58 IST" name="Default suite" finished-at="2026-05-06T13:30:05 IST" duration-ms="6862">
    <groups>
    </groups>
    <test started-at="2026-05-06T13:29:58 IST" name="Default test" finished-at="2026-05-06T13:30:05 IST" duration-ms="6862">
      <class name="testscripts.Registration">
        <test-method is-config="true" signature="invokeBrowser()[pri:0, instance:testscripts.Registration@7b98f307]" started-at="2026-05-06T13:29:58 IST" name="invokeBrowser" finished-at="2026-05-06T13:30:04 IST" duration-ms="5312" status="PASS">
          <reporter-output>
          </reporter-output>
        </test-method> <!-- invokeBrowser -->
        <test-method signature="submitForm()[pri:0, instance:testscripts.Registration@7b98f307]" started-at="2026-05-06T13:30:04 IST" name="submitForm" finished-at="2026-05-06T13:30:05 IST" duration-ms="1498" status="PASS">
          <reporter-output>
          </reporter-output>
        </test-method> <!-- submitForm -->
      </class> <!-- testscripts.Registration -->
    </test> <!-- Default test -->
  </suite> <!-- Default suite -->
</testng-results>
